TN:
SF:src/jsonController.ts
FN:19,jsonCards
FN:32,add
FN:48,delete
FN:61,showCard
FN:88,update
FN:107,modify
FN:133,showAllCards
FNF:7
FNH:7
FNDA:21,jsonCards
FNDA:5,add
FNDA:3,delete
FNDA:2,showCard
FNDA:2,update
FNDA:9,modify
FNDA:1,showAllCards
DA:1,1
DA:2,1
DA:3,1
DA:4,1
DA:5,1
DA:6,1
DA:7,1
DA:8,1
DA:9,1
DA:10,1
DA:11,1
DA:12,1
DA:13,1
DA:14,1
DA:15,1
DA:16,1
DA:17,1
DA:18,1
DA:19,1
DA:20,21
DA:21,1
DA:22,1
DA:23,21
DA:24,2
DA:25,2
DA:26,21
DA:27,1
DA:28,1
DA:29,1
DA:30,1
DA:31,1
DA:32,1
DA:33,5
DA:34,1
DA:35,5
DA:36,4
DA:37,4
DA:38,4
DA:39,4
DA:40,4
DA:41,4
DA:42,5
DA:43,1
DA:44,1
DA:45,1
DA:46,1
DA:47,1
DA:48,1
DA:49,3
DA:50,2
DA:51,2
DA:52,3
DA:53,1
DA:54,1
DA:55,3
DA:56,1
DA:57,1
DA:58,1
DA:59,1
DA:60,1
DA:61,1
DA:62,2
DA:63,2
DA:64,1
DA:65,1
DA:66,1
DA:67,1
DA:68,1
DA:69,1
DA:70,1
DA:71,1
DA:72,1
DA:73,1
DA:74,1
DA:75,1
DA:76,1
DA:77,1
DA:78,1
DA:79,1
DA:80,1
DA:81,1
DA:82,2
DA:83,1
DA:84,1
DA:85,1
DA:86,1
DA:87,1
DA:88,1
DA:89,2
DA:90,1
DA:91,1
DA:92,1
DA:93,1
DA:94,1
DA:95,1
DA:96,1
DA:97,1
DA:98,2
DA:99,1
DA:100,1
DA:101,1
DA:102,1
DA:103,1
DA:104,1
DA:105,1
DA:106,1
DA:107,1
DA:108,9
DA:109,8
DA:110,8
DA:111,8
DA:112,8
DA:113,8
DA:114,8
DA:115,7
DA:116,7
DA:117,7
DA:118,7
DA:119,7
DA:120,7
DA:121,8
DA:122,1
DA:123,1
DA:124,9
DA:125,1
DA:126,1
DA:127,9
DA:128,1
DA:129,1
DA:130,1
DA:131,1
DA:132,1
DA:133,1
DA:134,1
DA:135,1
DA:136,1
DA:137,2
DA:138,2
DA:139,2
DA:140,1
DA:141,1
DA:142,1
DA:143,2
DA:144,2
DA:145,2
DA:146,2
DA:147,2
DA:148,2
DA:149,2
DA:150,2
DA:151,2
DA:152,2
DA:153,2
DA:154,2
DA:155,2
DA:156,2
DA:157,2
DA:158,2
DA:159,2
DA:160,1
DA:161,1
DA:162,1
LF:162
LH:162
BRDA:19,0,0,21
BRDA:20,1,0,1
BRDA:23,2,0,2
BRDA:32,3,0,5
BRDA:33,4,0,1
BRDA:35,5,0,4
BRDA:48,6,0,3
BRDA:49,7,0,2
BRDA:52,8,0,1
BRDA:61,9,0,2
BRDA:63,10,0,1
BRDA:88,11,0,2
BRDA:89,12,0,1
BRDA:107,13,0,9
BRDA:108,14,0,8
BRDA:114,15,0,7
BRDA:121,16,0,1
BRDA:124,17,0,1
BRDA:133,18,0,1
BRDA:136,19,0,2
BRDA:142,20,0,2
BRF:21
BRH:21
end_of_record
TN:
SF:src/magiCard.ts
FN:44,<instance_members_initializer>
FN:45,magicCard
FNF:2
FNH:2
FNDA:18,<instance_members_initializer>
FNDA:18,magicCard
DA:1,1
DA:2,1
DA:3,1
DA:4,1
DA:5,1
DA:6,1
DA:7,1
DA:8,1
DA:9,1
DA:10,1
DA:11,1
DA:12,1
DA:13,1
DA:14,1
DA:15,1
DA:16,1
DA:17,1
DA:18,1
DA:19,1
DA:20,1
DA:21,1
DA:22,1
DA:23,1
DA:24,1
DA:25,1
DA:26,1
DA:27,1
DA:28,1
DA:29,1
DA:30,1
DA:31,1
DA:32,1
DA:33,1
DA:34,1
DA:35,1
DA:36,1
DA:37,1
DA:38,1
DA:39,1
DA:40,1
DA:41,1
DA:42,1
DA:43,1
DA:44,1
DA:45,18
DA:46,18
DA:47,18
DA:48,18
DA:49,18
DA:50,18
DA:51,18
DA:52,18
DA:53,18
DA:54,18
DA:55,18
DA:56,18
DA:57,18
LF:57
LH:57
BRDA:8,0,0,1
BRDA:21,1,0,1
BRDA:31,2,0,1
BRDA:44,3,0,18
BRDA:45,4,0,18
BRF:5
BRH:5
end_of_record
